<?xml version="1.0" encoding="UTF-8"?>
<!-- Generated by org.testng.reporters.JUnitXMLReporter -->
<testsuite hostname="DESKTOP-ERPFO11" ignored="1" name="Courtney-Hamilton-Test" tests="11" failures="0" timestamp="10 Apr 2020 18:39:28 GMT" time="87.217" errors="0">
  <testcase name="checkSuccessPage" time="0.189" classname="com.CH.qa.test.SuccessTest"/>
  <testcase name="validatePageTitle" time="0.02" classname="com.CH.qa.test.ConfirmTest"/>
  <testcase name="getTitle" time="0.806" classname="com.CH.qa.test.TellUsYourSelfTest"/>
  <testcase name="companyLogo" time="0.816" classname="com.CH.qa.test.TellUsYourSelfTest"/>
  <testcase name="validateHeaderAndValues" time="10.689" classname="com.CH.qa.test.ConfirmTest"/>
  <testcase name="checkAndClickContinueButton" time="0.178" classname="com.CH.qa.test.ConfirmTest"/>
  <testcase name="pageHeader" time="0.658" classname="com.CH.qa.test.TellUsYourSelfTest"/>
  <testcase name="noteText" time="0.739" classname="com.CH.qa.test.TellUsYourSelfTest"/>
  <testcase name="contactHeader" time="0.58" classname="com.CH.qa.test.TellUsYourSelfTest"/>
  <testcase name="dobHeader" time="0.511" classname="com.CH.qa.test.TellUsYourSelfTest"/>
  <testcase name="insertData" time="13.817" classname="com.CH.qa.test.TellUsYourSelfTest"/>
  <testcase name="validateErrorMessage" time="0.0" classname="com.CH.qa.test.TellUsYourSelfTest">
    <ignored/>
  </testcase> <!-- validateErrorMessage -->
</testsuite> <!-- Courtney-Hamilton-Test -->
