<?xml version="1.0" encoding="UTF-8"?>
<!-- Generated by org.testng.reporters.JUnitXMLReporter -->
<testsuite hostname="DESKTOP-ERPFO11" ignored="1" name="Courtney-Hamilton-Test" tests="11" failures="0" timestamp="10 Apr 2020 18:31:29 GMT" time="156.387" errors="0">
  <testcase name="checkSuccessPage" time="0.229" classname="com.CH.qa.test.SuccessTest"/>
  <testcase name="validatePageTitle" time="0.059" classname="com.CH.qa.test.ConfirmTest"/>
  <testcase name="getTitle" time="70.66" classname="com.CH.qa.test.TellUsYourSelfTest"/>
  <testcase name="companyLogo" time="3.514" classname="com.CH.qa.test.TellUsYourSelfTest"/>
  <testcase name="validateHeaderAndValues" time="11.008" classname="com.CH.qa.test.ConfirmTest"/>
  <testcase name="checkAndClickContinueButton" time="0.15" classname="com.CH.qa.test.ConfirmTest"/>
  <testcase name="pageHeader" time="0.563" classname="com.CH.qa.test.TellUsYourSelfTest"/>
  <testcase name="noteText" time="1.712" classname="com.CH.qa.test.TellUsYourSelfTest"/>
  <testcase name="contactHeader" time="0.599" classname="com.CH.qa.test.TellUsYourSelfTest"/>
  <testcase name="dobHeader" time="0.593" classname="com.CH.qa.test.TellUsYourSelfTest"/>
  <testcase name="insertData" time="13.658" classname="com.CH.qa.test.TellUsYourSelfTest"/>
  <testcase name="validateErrorMessage" time="0.0" classname="com.CH.qa.test.TellUsYourSelfTest">
    <ignored/>
  </testcase> <!-- validateErrorMessage -->
</testsuite> <!-- Courtney-Hamilton-Test -->
