<?xml version="1.0" encoding="UTF-8"?>
<testng-results skipped="0" failed="0" ignored="1" total="12" passed="11">
  <reporter-output>
  </reporter-output>
  <suite name="Courtney-Hamilton-Suite" duration-ms="85627" started-at="2020-04-10T02:11:11Z" finished-at="2020-04-10T02:12:36Z">
    <groups>
      <group name="HappyPath">
        <method signature="ConfirmTest.checkAndClickContinueButton()[pri:3, instance:com.CH.qa.test.ConfirmTest@5906ebcb]" name="checkAndClickContinueButton" class="com.CH.qa.test.ConfirmTest"/>
        <method signature="ConfirmTest.validateHeaderAndValues()[pri:2, instance:com.CH.qa.test.ConfirmTest@5906ebcb]" name="validateHeaderAndValues" class="com.CH.qa.test.ConfirmTest"/>
        <method signature="ConfirmTest.validatePageTitle()[pri:1, instance:com.CH.qa.test.ConfirmTest@5906ebcb]" name="validatePageTitle" class="com.CH.qa.test.ConfirmTest"/>
        <method signature="SuccessTest.checkSuccessPage()[pri:0, instance:com.CH.qa.test.SuccessTest@258e2e41]" name="checkSuccessPage" class="com.CH.qa.test.SuccessTest"/>
        <method signature="TellUsYourSelfTest.companyLogo()[pri:2, instance:com.CH.qa.test.TellUsYourSelfTest@3b2da18f]" name="companyLogo" class="com.CH.qa.test.TellUsYourSelfTest"/>
        <method signature="TellUsYourSelfTest.contactHeader()[pri:5, instance:com.CH.qa.test.TellUsYourSelfTest@3b2da18f]" name="contactHeader" class="com.CH.qa.test.TellUsYourSelfTest"/>
        <method signature="TellUsYourSelfTest.dobHeader()[pri:6, instance:com.CH.qa.test.TellUsYourSelfTest@3b2da18f]" name="dobHeader" class="com.CH.qa.test.TellUsYourSelfTest"/>
        <method signature="TellUsYourSelfTest.getTitle()[pri:1, instance:com.CH.qa.test.TellUsYourSelfTest@3b2da18f]" name="getTitle" class="com.CH.qa.test.TellUsYourSelfTest"/>
        <method signature="TellUsYourSelfTest.insertData()[pri:7, instance:com.CH.qa.test.TellUsYourSelfTest@3b2da18f]" name="insertData" class="com.CH.qa.test.TellUsYourSelfTest"/>
        <method signature="TellUsYourSelfTest.noteText()[pri:4, instance:com.CH.qa.test.TellUsYourSelfTest@3b2da18f]" name="noteText" class="com.CH.qa.test.TellUsYourSelfTest"/>
        <method signature="TellUsYourSelfTest.pageHeader()[pri:3, instance:com.CH.qa.test.TellUsYourSelfTest@3b2da18f]" name="pageHeader" class="com.CH.qa.test.TellUsYourSelfTest"/>
      </group> <!-- HappyPath -->
    </groups>
    <test name="Courtney-Hamilton-Test" duration-ms="85627" started-at="2020-04-10T02:11:11Z" finished-at="2020-04-10T02:12:36Z">
      <class name="com.CH.qa.test.TellUsYourSelfTest">
        <test-method status="PASS" signature="getTitle()[pri:1, instance:com.CH.qa.test.TellUsYourSelfTest@3b2da18f]" name="getTitle" duration-ms="566" started-at="2020-04-10T02:12:09Z" finished-at="2020-04-10T02:12:10Z">
          <reporter-output>
          </reporter-output>
        </test-method> <!-- getTitle -->
        <test-method status="PASS" signature="companyLogo()[pri:2, instance:com.CH.qa.test.TellUsYourSelfTest@3b2da18f]" name="companyLogo" duration-ms="476" started-at="2020-04-10T02:12:10Z" finished-at="2020-04-10T02:12:10Z">
          <reporter-output>
          </reporter-output>
        </test-method> <!-- companyLogo -->
        <test-method status="PASS" signature="pageHeader()[pri:3, instance:com.CH.qa.test.TellUsYourSelfTest@3b2da18f]" name="pageHeader" duration-ms="537" started-at="2020-04-10T02:12:21Z" finished-at="2020-04-10T02:12:21Z">
          <reporter-output>
          </reporter-output>
        </test-method> <!-- pageHeader -->
        <test-method status="PASS" signature="noteText()[pri:4, instance:com.CH.qa.test.TellUsYourSelfTest@3b2da18f]" name="noteText" duration-ms="496" started-at="2020-04-10T02:12:21Z" finished-at="2020-04-10T02:12:22Z">
          <reporter-output>
          </reporter-output>
        </test-method> <!-- noteText -->
        <test-method status="PASS" signature="contactHeader()[pri:5, instance:com.CH.qa.test.TellUsYourSelfTest@3b2da18f]" name="contactHeader" duration-ms="524" started-at="2020-04-10T02:12:22Z" finished-at="2020-04-10T02:12:22Z">
          <reporter-output>
          </reporter-output>
        </test-method> <!-- contactHeader -->
        <test-method status="PASS" signature="dobHeader()[pri:6, instance:com.CH.qa.test.TellUsYourSelfTest@3b2da18f]" name="dobHeader" duration-ms="519" started-at="2020-04-10T02:12:22Z" finished-at="2020-04-10T02:12:23Z">
          <reporter-output>
          </reporter-output>
        </test-method> <!-- dobHeader -->
        <test-method status="PASS" signature="insertData()[pri:7, instance:com.CH.qa.test.TellUsYourSelfTest@3b2da18f]" name="insertData" duration-ms="12415" started-at="2020-04-10T02:12:23Z" finished-at="2020-04-10T02:12:35Z">
          <reporter-output>
          </reporter-output>
        </test-method> <!-- insertData -->
      </class> <!-- com.CH.qa.test.TellUsYourSelfTest -->
      <class name="com.CH.qa.test.ConfirmTest">
        <test-method status="PASS" signature="setUp()[pri:0, instance:com.CH.qa.test.ConfirmTest@5906ebcb]" name="setUp" is-config="true" duration-ms="23193" started-at="2020-04-10T02:11:11Z" finished-at="2020-04-10T02:11:34Z">
          <reporter-output>
          </reporter-output>
        </test-method> <!-- setUp -->
        <test-method status="PASS" signature="setInit()[pri:0, instance:com.CH.qa.test.SuccessTest@258e2e41]" name="setInit" is-config="true" duration-ms="24141" started-at="2020-04-10T02:11:34Z" finished-at="2020-04-10T02:11:58Z">
          <reporter-output>
          </reporter-output>
        </test-method> <!-- setInit -->
        <test-method status="PASS" signature="setUp()[pri:0, instance:com.CH.qa.test.TellUsYourSelfTest@3b2da18f]" name="setUp" is-config="true" duration-ms="11103" started-at="2020-04-10T02:11:58Z" finished-at="2020-04-10T02:12:09Z">
          <reporter-output>
          </reporter-output>
        </test-method> <!-- setUp -->
        <test-method status="PASS" signature="validatePageTitle()[pri:1, instance:com.CH.qa.test.ConfirmTest@5906ebcb]" name="validatePageTitle" duration-ms="17" started-at="2020-04-10T02:12:09Z" finished-at="2020-04-10T02:12:09Z">
          <reporter-output>
          </reporter-output>
        </test-method> <!-- validatePageTitle -->
        <test-method status="PASS" signature="validateHeaderAndValues()[pri:2, instance:com.CH.qa.test.ConfirmTest@5906ebcb]" name="validateHeaderAndValues" duration-ms="10693" started-at="2020-04-10T02:12:10Z" finished-at="2020-04-10T02:12:21Z">
          <reporter-output>
          </reporter-output>
        </test-method> <!-- validateHeaderAndValues -->
        <test-method status="PASS" signature="checkAndClickContinueButton()[pri:3, instance:com.CH.qa.test.ConfirmTest@5906ebcb]" name="checkAndClickContinueButton" duration-ms="155" started-at="2020-04-10T02:12:21Z" finished-at="2020-04-10T02:12:21Z">
          <reporter-output>
          </reporter-output>
        </test-method> <!-- checkAndClickContinueButton -->
        <test-method status="PASS" signature="TearDown()[pri:0, instance:com.CH.qa.test.ConfirmTest@5906ebcb]" name="TearDown" is-config="true" duration-ms="1135" started-at="2020-04-10T02:12:35Z" finished-at="2020-04-10T02:12:36Z">
          <reporter-output>
          </reporter-output>
        </test-method> <!-- TearDown -->
        <test-method status="PASS" signature="tearDown()[pri:0, instance:com.CH.qa.test.SuccessTest@258e2e41]" name="tearDown" is-config="true" duration-ms="0" started-at="2020-04-10T02:12:36Z" finished-at="2020-04-10T02:12:36Z">
          <reporter-output>
          </reporter-output>
        </test-method> <!-- tearDown -->
        <test-method status="PASS" signature="tearDown()[pri:0, instance:com.CH.qa.test.TellUsYourSelfTest@3b2da18f]" name="tearDown" is-config="true" duration-ms="0" started-at="2020-04-10T02:12:36Z" finished-at="2020-04-10T02:12:36Z">
          <reporter-output>
          </reporter-output>
        </test-method> <!-- tearDown -->
      </class> <!-- com.CH.qa.test.ConfirmTest -->
      <class name="com.CH.qa.test.SuccessTest">
        <test-method status="PASS" signature="checkSuccessPage()[pri:0, instance:com.CH.qa.test.SuccessTest@258e2e41]" name="checkSuccessPage" duration-ms="197" started-at="2020-04-10T02:12:09Z" finished-at="2020-04-10T02:12:09Z">
          <reporter-output>
          </reporter-output>
        </test-method> <!-- checkSuccessPage -->
      </class> <!-- com.CH.qa.test.SuccessTest -->
    </test> <!-- Courtney-Hamilton-Test -->
  </suite> <!-- Courtney-Hamilton-Suite -->
</testng-results>
