<?xml version="1.0" encoding="UTF-8"?>
<testng-results skipped="0" failed="0" ignored="1" total="12" passed="11">
  <reporter-output>
  </reporter-output>
  <suite name="Courtney-Hamilton-Suite" duration-ms="87217" started-at="2020-04-10T18:38:01Z" finished-at="2020-04-10T18:39:28Z">
    <groups>
      <group name="HappyPath">
        <method signature="ConfirmTest.checkAndClickContinueButton()[pri:3, instance:com.CH.qa.test.ConfirmTest@5906ebcb]" name="checkAndClickContinueButton" class="com.CH.qa.test.ConfirmTest"/>
        <method signature="ConfirmTest.validateHeaderAndValues()[pri:2, instance:com.CH.qa.test.ConfirmTest@5906ebcb]" name="validateHeaderAndValues" class="com.CH.qa.test.ConfirmTest"/>
        <method signature="ConfirmTest.validatePageTitle()[pri:1, instance:com.CH.qa.test.ConfirmTest@5906ebcb]" name="validatePageTitle" class="com.CH.qa.test.ConfirmTest"/>
        <method signature="SuccessTest.checkSuccessPage()[pri:0, instance:com.CH.qa.test.SuccessTest@258e2e41]" name="checkSuccessPage" class="com.CH.qa.test.SuccessTest"/>
        <method signature="TellUsYourSelfTest.companyLogo()[pri:2, instance:com.CH.qa.test.TellUsYourSelfTest@3b2da18f]" name="companyLogo" class="com.CH.qa.test.TellUsYourSelfTest"/>
        <method signature="TellUsYourSelfTest.contactHeader()[pri:5, instance:com.CH.qa.test.TellUsYourSelfTest@3b2da18f]" name="contactHeader" class="com.CH.qa.test.TellUsYourSelfTest"/>
        <method signature="TellUsYourSelfTest.dobHeader()[pri:6, instance:com.CH.qa.test.TellUsYourSelfTest@3b2da18f]" name="dobHeader" class="com.CH.qa.test.TellUsYourSelfTest"/>
        <method signature="TellUsYourSelfTest.getTitle()[pri:1, instance:com.CH.qa.test.TellUsYourSelfTest@3b2da18f]" name="getTitle" class="com.CH.qa.test.TellUsYourSelfTest"/>
        <method signature="TellUsYourSelfTest.insertData()[pri:7, instance:com.CH.qa.test.TellUsYourSelfTest@3b2da18f]" name="insertData" class="com.CH.qa.test.TellUsYourSelfTest"/>
        <method signature="TellUsYourSelfTest.noteText()[pri:4, instance:com.CH.qa.test.TellUsYourSelfTest@3b2da18f]" name="noteText" class="com.CH.qa.test.TellUsYourSelfTest"/>
        <method signature="TellUsYourSelfTest.pageHeader()[pri:3, instance:com.CH.qa.test.TellUsYourSelfTest@3b2da18f]" name="pageHeader" class="com.CH.qa.test.TellUsYourSelfTest"/>
      </group> <!-- HappyPath -->
    </groups>
    <test name="Courtney-Hamilton-Test" duration-ms="87217" started-at="2020-04-10T18:38:01Z" finished-at="2020-04-10T18:39:28Z">
      <class name="com.CH.qa.test.ConfirmTest">
        <test-method status="PASS" signature="setUp()[pri:0, instance:com.CH.qa.test.ConfirmTest@5906ebcb]" name="setUp" is-config="true" duration-ms="22112" started-at="2020-04-10T18:38:01Z" finished-at="2020-04-10T18:38:23Z">
          <reporter-output>
          </reporter-output>
        </test-method> <!-- setUp -->
        <test-method status="PASS" signature="setInit()[pri:0, instance:com.CH.qa.test.SuccessTest@258e2e41]" name="setInit" is-config="true" duration-ms="25679" started-at="2020-04-10T18:38:23Z" finished-at="2020-04-10T18:38:49Z">
          <reporter-output>
          </reporter-output>
        </test-method> <!-- setInit -->
        <test-method status="PASS" signature="setUp()[pri:0, instance:com.CH.qa.test.TellUsYourSelfTest@3b2da18f]" name="setUp" is-config="true" duration-ms="10603" started-at="2020-04-10T18:38:49Z" finished-at="2020-04-10T18:39:00Z">
          <reporter-output>
          </reporter-output>
        </test-method> <!-- setUp -->
        <test-method status="PASS" signature="validatePageTitle()[pri:1, instance:com.CH.qa.test.ConfirmTest@5906ebcb]" name="validatePageTitle" duration-ms="20" started-at="2020-04-10T18:39:00Z" finished-at="2020-04-10T18:39:00Z">
          <reporter-output>
          </reporter-output>
        </test-method> <!-- validatePageTitle -->
        <test-method status="PASS" signature="validateHeaderAndValues()[pri:2, instance:com.CH.qa.test.ConfirmTest@5906ebcb]" name="validateHeaderAndValues" duration-ms="10689" started-at="2020-04-10T18:39:01Z" finished-at="2020-04-10T18:39:11Z">
          <reporter-output>
          </reporter-output>
        </test-method> <!-- validateHeaderAndValues -->
        <test-method status="PASS" signature="checkAndClickContinueButton()[pri:3, instance:com.CH.qa.test.ConfirmTest@5906ebcb]" name="checkAndClickContinueButton" duration-ms="178" started-at="2020-04-10T18:39:11Z" finished-at="2020-04-10T18:39:11Z">
          <reporter-output>
          </reporter-output>
        </test-method> <!-- checkAndClickContinueButton -->
        <test-method status="PASS" signature="TearDown()[pri:0, instance:com.CH.qa.test.ConfirmTest@5906ebcb]" name="TearDown" is-config="true" duration-ms="773" started-at="2020-04-10T18:39:28Z" finished-at="2020-04-10T18:39:28Z">
          <reporter-output>
          </reporter-output>
        </test-method> <!-- TearDown -->
        <test-method status="PASS" signature="tearDown()[pri:0, instance:com.CH.qa.test.SuccessTest@258e2e41]" name="tearDown" is-config="true" duration-ms="1" started-at="2020-04-10T18:39:28Z" finished-at="2020-04-10T18:39:28Z">
          <reporter-output>
          </reporter-output>
        </test-method> <!-- tearDown -->
        <test-method status="PASS" signature="tearDown()[pri:0, instance:com.CH.qa.test.TellUsYourSelfTest@3b2da18f]" name="tearDown" is-config="true" duration-ms="0" started-at="2020-04-10T18:39:28Z" finished-at="2020-04-10T18:39:28Z">
          <reporter-output>
          </reporter-output>
        </test-method> <!-- tearDown -->
      </class> <!-- com.CH.qa.test.ConfirmTest -->
      <class name="com.CH.qa.test.TellUsYourSelfTest">
        <test-method status="PASS" signature="getTitle()[pri:1, instance:com.CH.qa.test.TellUsYourSelfTest@3b2da18f]" name="getTitle" duration-ms="806" started-at="2020-04-10T18:39:00Z" finished-at="2020-04-10T18:39:01Z">
          <reporter-output>
          </reporter-output>
        </test-method> <!-- getTitle -->
        <test-method status="PASS" signature="companyLogo()[pri:2, instance:com.CH.qa.test.TellUsYourSelfTest@3b2da18f]" name="companyLogo" duration-ms="816" started-at="2020-04-10T18:39:01Z" finished-at="2020-04-10T18:39:01Z">
          <reporter-output>
          </reporter-output>
        </test-method> <!-- companyLogo -->
        <test-method status="PASS" signature="pageHeader()[pri:3, instance:com.CH.qa.test.TellUsYourSelfTest@3b2da18f]" name="pageHeader" duration-ms="658" started-at="2020-04-10T18:39:11Z" finished-at="2020-04-10T18:39:12Z">
          <reporter-output>
          </reporter-output>
        </test-method> <!-- pageHeader -->
        <test-method status="PASS" signature="noteText()[pri:4, instance:com.CH.qa.test.TellUsYourSelfTest@3b2da18f]" name="noteText" duration-ms="739" started-at="2020-04-10T18:39:12Z" finished-at="2020-04-10T18:39:13Z">
          <reporter-output>
          </reporter-output>
        </test-method> <!-- noteText -->
        <test-method status="PASS" signature="contactHeader()[pri:5, instance:com.CH.qa.test.TellUsYourSelfTest@3b2da18f]" name="contactHeader" duration-ms="580" started-at="2020-04-10T18:39:13Z" finished-at="2020-04-10T18:39:13Z">
          <reporter-output>
          </reporter-output>
        </test-method> <!-- contactHeader -->
        <test-method status="PASS" signature="dobHeader()[pri:6, instance:com.CH.qa.test.TellUsYourSelfTest@3b2da18f]" name="dobHeader" duration-ms="511" started-at="2020-04-10T18:39:13Z" finished-at="2020-04-10T18:39:14Z">
          <reporter-output>
          </reporter-output>
        </test-method> <!-- dobHeader -->
        <test-method status="PASS" signature="insertData()[pri:7, instance:com.CH.qa.test.TellUsYourSelfTest@3b2da18f]" name="insertData" duration-ms="13817" started-at="2020-04-10T18:39:14Z" finished-at="2020-04-10T18:39:28Z">
          <reporter-output>
          </reporter-output>
        </test-method> <!-- insertData -->
      </class> <!-- com.CH.qa.test.TellUsYourSelfTest -->
      <class name="com.CH.qa.test.SuccessTest">
        <test-method status="PASS" signature="checkSuccessPage()[pri:0, instance:com.CH.qa.test.SuccessTest@258e2e41]" name="checkSuccessPage" duration-ms="189" started-at="2020-04-10T18:39:00Z" finished-at="2020-04-10T18:39:00Z">
          <reporter-output>
          </reporter-output>
        </test-method> <!-- checkSuccessPage -->
      </class> <!-- com.CH.qa.test.SuccessTest -->
    </test> <!-- Courtney-Hamilton-Test -->
  </suite> <!-- Courtney-Hamilton-Suite -->
</testng-results>
